06-18-2021 @ 13:34:51 - New Payment Process Fired
06-18-2021 @ 13:34:51 - Shipping and Items added
06-18-2021 @ 13:34:51 - All data collected before Sending to Rivhit
06-18-2021 @ 13:34:52 - WP Remote Post Completed
06-18-2021 @ 13:34:52 - Array
(
    [headers] => Requests_Utility_CaseInsensitiveDictionary Object
        (
            [data:protected] => Array
                (
                    [content-type] => application/json; charset=utf-8
                    [server] => 
                    [access-control-allow-origin] => *
                    [strict-transport-security] => max-age=31536000; includeSubdomains
                    [content-security-policy] => default-src https: data: 'unsafe-inline' 'unsafe-eval'
                    [x-xss-protection] => 1; mode=block
                    [x-content-type-options] => nosniff
                    [x-aspnet-version] => 
                    [date] => Fri, 18 Jun 2021 13:35:41 GMT
                    [content-length] => 207
                )

        )

    [body] => {"DebugMessage":"Object reference not set to an instance of an object.","PrivateSaleToken":"00000000-0000-0000-0000-000000000000","PublicSaleToken":"00000000-0000-0000-0000-000000000000","Status":1,"URL":""}
    [response] => Array
        (
            [code] => 200
            [message] => OK
        )

    [cookies] => Array
        (
        )

    [filename] => 
    [http_response] => WP_HTTP_Requests_Response Object
        (
            [response:protected] => Requests_Response Object
                (
                    [body] => {"DebugMessage":"Object reference not set to an instance of an object.","PrivateSaleToken":"00000000-0000-0000-0000-000000000000","PublicSaleToken":"00000000-0000-0000-0000-000000000000","Status":1,"URL":""}
                    [raw] => HTTP/1.1 200 OK
Content-Type: application/json; charset=utf-8
Server: 
Access-Control-Allow-Origin: *
Strict-Transport-Security: max-age=31536000; includeSubdomains
Content-Security-Policy: default-src https: data: 'unsafe-inline' 'unsafe-eval'
X-Xss-Protection: 1; mode=block
X-Content-Type-Options: nosniff
X-ASPNET-VERSION: 
Date: Fri, 18 Jun 2021 13:35:41 GMT
Connection: close
Content-Length: 207

{"DebugMessage":"Object reference not set to an instance of an object.","PrivateSaleToken":"00000000-0000-0000-0000-000000000000","PublicSaleToken":"00000000-0000-0000-0000-000000000000","Status":1,"URL":""}
                    [headers] => Requests_Response_Headers Object
                        (
                            [data:protected] => Array
                                (
                                    [content-type] => Array
                                        (
                                            [0] => application/json; charset=utf-8
                                        )

                                    [server] => Array
                                        (
                                            [0] => 
                                        )

                                    [access-control-allow-origin] => Array
                                        (
                                            [0] => *
                                        )

                                    [strict-transport-security] => Array
                                        (
                                            [0] => max-age=31536000; includeSubdomains
                                        )

                                    [content-security-policy] => Array
                                        (
                                            [0] => default-src https: data: 'unsafe-inline' 'unsafe-eval'
                                        )

                                    [x-xss-protection] => Array
                                        (
                                            [0] => 1; mode=block
                                        )

                                    [x-content-type-options] => Array
                                        (
                                            [0] => nosniff
                                        )

                                    [x-aspnet-version] => Array
                                        (
                                            [0] => 
                                        )

                                    [date] => Array
                                        (
                                            [0] => Fri, 18 Jun 2021 13:35:41 GMT
                                        )

                                    [content-length] => Array
                                        (
                                            [0] => 207
                                        )

                                )

                        )

                    [status_code] => 200
                    [protocol_version] => 1.1
                    [success] => 1
                    [redirects] => 0
                    [url] => https://testicredit.rivhit.co.il/API/PaymentPageRequest.svc/GetUrl
                    [history] => Array
                        (
                        )

                    [cookies] => Requests_Cookie_Jar Object
                        (
                            [cookies:protected] => Array
                                (
                                )

                        )

                )

            [filename:protected] => 
            [data] => 
            [headers] => 
            [status] => 
        )

)

06-18-2021 @ 13:35:17 - New Payment Process Fired
06-18-2021 @ 13:35:17 - Shipping and Items added
06-18-2021 @ 13:35:17 - All data collected before Sending to Rivhit
06-18-2021 @ 13:35:17 - WP Remote Post Completed
06-18-2021 @ 13:35:17 - Array
(
    [headers] => Requests_Utility_CaseInsensitiveDictionary Object
        (
            [data:protected] => Array
                (
                    [content-type] => application/json; charset=utf-8
                    [server] => 
                    [access-control-allow-origin] => *
                    [strict-transport-security] => max-age=31536000; includeSubdomains
                    [content-security-policy] => default-src https: data: 'unsafe-inline' 'unsafe-eval'
                    [x-xss-protection] => 1; mode=block
                    [x-content-type-options] => nosniff
                    [x-aspnet-version] => 
                    [date] => Fri, 18 Jun 2021 13:36:07 GMT
                    [content-length] => 207
                )

        )

    [body] => {"DebugMessage":"Object reference not set to an instance of an object.","PrivateSaleToken":"00000000-0000-0000-0000-000000000000","PublicSaleToken":"00000000-0000-0000-0000-000000000000","Status":1,"URL":""}
    [response] => Array
        (
            [code] => 200
            [message] => OK
        )

    [cookies] => Array
        (
        )

    [filename] => 
    [http_response] => WP_HTTP_Requests_Response Object
        (
            [response:protected] => Requests_Response Object
                (
                    [body] => {"DebugMessage":"Object reference not set to an instance of an object.","PrivateSaleToken":"00000000-0000-0000-0000-000000000000","PublicSaleToken":"00000000-0000-0000-0000-000000000000","Status":1,"URL":""}
                    [raw] => HTTP/1.1 200 OK
Content-Type: application/json; charset=utf-8
Server: 
Access-Control-Allow-Origin: *
Strict-Transport-Security: max-age=31536000; includeSubdomains
Content-Security-Policy: default-src https: data: 'unsafe-inline' 'unsafe-eval'
X-Xss-Protection: 1; mode=block
X-Content-Type-Options: nosniff
X-ASPNET-VERSION: 
Date: Fri, 18 Jun 2021 13:36:07 GMT
Connection: close
Content-Length: 207

{"DebugMessage":"Object reference not set to an instance of an object.","PrivateSaleToken":"00000000-0000-0000-0000-000000000000","PublicSaleToken":"00000000-0000-0000-0000-000000000000","Status":1,"URL":""}
                    [headers] => Requests_Response_Headers Object
                        (
                            [data:protected] => Array
                                (
                                    [content-type] => Array
                                        (
                                            [0] => application/json; charset=utf-8
                                        )

                                    [server] => Array
                                        (
                                            [0] => 
                                        )

                                    [access-control-allow-origin] => Array
                                        (
                                            [0] => *
                                        )

                                    [strict-transport-security] => Array
                                        (
                                            [0] => max-age=31536000; includeSubdomains
                                        )

                                    [content-security-policy] => Array
                                        (
                                            [0] => default-src https: data: 'unsafe-inline' 'unsafe-eval'
                                        )

                                    [x-xss-protection] => Array
                                        (
                                            [0] => 1; mode=block
                                        )

                                    [x-content-type-options] => Array
                                        (
                                            [0] => nosniff
                                        )

                                    [x-aspnet-version] => Array
                                        (
                                            [0] => 
                                        )

                                    [date] => Array
                                        (
                                            [0] => Fri, 18 Jun 2021 13:36:07 GMT
                                        )

                                    [content-length] => Array
                                        (
                                            [0] => 207
                                        )

                                )

                        )

                    [status_code] => 200
                    [protocol_version] => 1.1
                    [success] => 1
                    [redirects] => 0
                    [url] => https://testicredit.rivhit.co.il/API/PaymentPageRequest.svc/GetUrl
                    [history] => Array
                        (
                        )

                    [cookies] => Requests_Cookie_Jar Object
                        (
                            [cookies:protected] => Array
                                (
                                )

                        )

                )

            [filename:protected] => 
            [data] => 
            [headers] => 
            [status] => 
        )

)

06-18-2021 @ 13:40:00 - New Payment Process Fired
06-18-2021 @ 13:40:00 - Shipping and Items added
06-18-2021 @ 13:40:00 - All data collected before Sending to Rivhit
06-18-2021 @ 13:40:00 - WP Remote Post Completed
06-18-2021 @ 13:40:00 - Array
(
    [headers] => Requests_Utility_CaseInsensitiveDictionary Object
        (
            [data:protected] => Array
                (
                    [content-type] => application/json; charset=utf-8
                    [server] => 
                    [access-control-allow-origin] => *
                    [strict-transport-security] => max-age=31536000; includeSubdomains
                    [content-security-policy] => default-src https: data: 'unsafe-inline' 'unsafe-eval'
                    [x-xss-protection] => 1; mode=block
                    [x-content-type-options] => nosniff
                    [x-aspnet-version] => 
                    [date] => Fri, 18 Jun 2021 13:40:49 GMT
                    [content-length] => 207
                )

        )

    [body] => {"DebugMessage":"Object reference not set to an instance of an object.","PrivateSaleToken":"00000000-0000-0000-0000-000000000000","PublicSaleToken":"00000000-0000-0000-0000-000000000000","Status":1,"URL":""}
    [response] => Array
        (
            [code] => 200
            [message] => OK
        )

    [cookies] => Array
        (
        )

    [filename] => 
    [http_response] => WP_HTTP_Requests_Response Object
        (
            [response:protected] => Requests_Response Object
                (
                    [body] => {"DebugMessage":"Object reference not set to an instance of an object.","PrivateSaleToken":"00000000-0000-0000-0000-000000000000","PublicSaleToken":"00000000-0000-0000-0000-000000000000","Status":1,"URL":""}
                    [raw] => HTTP/1.1 200 OK
Content-Type: application/json; charset=utf-8
Server: 
Access-Control-Allow-Origin: *
Strict-Transport-Security: max-age=31536000; includeSubdomains
Content-Security-Policy: default-src https: data: 'unsafe-inline' 'unsafe-eval'
X-Xss-Protection: 1; mode=block
X-Content-Type-Options: nosniff
X-ASPNET-VERSION: 
Date: Fri, 18 Jun 2021 13:40:49 GMT
Connection: close
Content-Length: 207

{"DebugMessage":"Object reference not set to an instance of an object.","PrivateSaleToken":"00000000-0000-0000-0000-000000000000","PublicSaleToken":"00000000-0000-0000-0000-000000000000","Status":1,"URL":""}
                    [headers] => Requests_Response_Headers Object
                        (
                            [data:protected] => Array
                                (
                                    [content-type] => Array
                                        (
                                            [0] => application/json; charset=utf-8
                                        )

                                    [server] => Array
                                        (
                                            [0] => 
                                        )

                                    [access-control-allow-origin] => Array
                                        (
                                            [0] => *
                                        )

                                    [strict-transport-security] => Array
                                        (
                                            [0] => max-age=31536000; includeSubdomains
                                        )

                                    [content-security-policy] => Array
                                        (
                                            [0] => default-src https: data: 'unsafe-inline' 'unsafe-eval'
                                        )

                                    [x-xss-protection] => Array
                                        (
                                            [0] => 1; mode=block
                                        )

                                    [x-content-type-options] => Array
                                        (
                                            [0] => nosniff
                                        )

                                    [x-aspnet-version] => Array
                                        (
                                            [0] => 
                                        )

                                    [date] => Array
                                        (
                                            [0] => Fri, 18 Jun 2021 13:40:49 GMT
                                        )

                                    [content-length] => Array
                                        (
                                            [0] => 207
                                        )

                                )

                        )

                    [status_code] => 200
                    [protocol_version] => 1.1
                    [success] => 1
                    [redirects] => 0
                    [url] => https://testicredit.rivhit.co.il/API/PaymentPageRequest.svc/GetUrl
                    [history] => Array
                        (
                        )

                    [cookies] => Requests_Cookie_Jar Object
                        (
                            [cookies:protected] => Array
                                (
                                )

                        )

                )

            [filename:protected] => 
            [data] => 
            [headers] => 
            [status] => 
        )

)

06-18-2021 @ 13:41:17 - New Payment Process Fired
06-18-2021 @ 13:41:17 - Shipping and Items added
06-18-2021 @ 13:41:17 - All data collected before Sending to Rivhit
06-18-2021 @ 13:41:18 - WP Remote Post Completed
06-18-2021 @ 13:41:18 - Array
(
    [headers] => Requests_Utility_CaseInsensitiveDictionary Object
        (
            [data:protected] => Array
                (
                    [content-type] => application/json; charset=utf-8
                    [server] => 
                    [access-control-allow-origin] => *
                    [strict-transport-security] => max-age=31536000; includeSubdomains
                    [content-security-policy] => default-src https: data: 'unsafe-inline' 'unsafe-eval'
                    [x-xss-protection] => 1; mode=block
                    [x-content-type-options] => nosniff
                    [x-aspnet-version] => 
                    [date] => Fri, 18 Jun 2021 13:42:07 GMT
                    [content-length] => 207
                )

        )

    [body] => {"DebugMessage":"Object reference not set to an instance of an object.","PrivateSaleToken":"00000000-0000-0000-0000-000000000000","PublicSaleToken":"00000000-0000-0000-0000-000000000000","Status":1,"URL":""}
    [response] => Array
        (
            [code] => 200
            [message] => OK
        )

    [cookies] => Array
        (
        )

    [filename] => 
    [http_response] => WP_HTTP_Requests_Response Object
        (
            [response:protected] => Requests_Response Object
                (
                    [body] => {"DebugMessage":"Object reference not set to an instance of an object.","PrivateSaleToken":"00000000-0000-0000-0000-000000000000","PublicSaleToken":"00000000-0000-0000-0000-000000000000","Status":1,"URL":""}
                    [raw] => HTTP/1.1 200 OK
Content-Type: application/json; charset=utf-8
Server: 
Access-Control-Allow-Origin: *
Strict-Transport-Security: max-age=31536000; includeSubdomains
Content-Security-Policy: default-src https: data: 'unsafe-inline' 'unsafe-eval'
X-Xss-Protection: 1; mode=block
X-Content-Type-Options: nosniff
X-ASPNET-VERSION: 
Date: Fri, 18 Jun 2021 13:42:07 GMT
Connection: close
Content-Length: 207

{"DebugMessage":"Object reference not set to an instance of an object.","PrivateSaleToken":"00000000-0000-0000-0000-000000000000","PublicSaleToken":"00000000-0000-0000-0000-000000000000","Status":1,"URL":""}
                    [headers] => Requests_Response_Headers Object
                        (
                            [data:protected] => Array
                                (
                                    [content-type] => Array
                                        (
                                            [0] => application/json; charset=utf-8
                                        )

                                    [server] => Array
                                        (
                                            [0] => 
                                        )

                                    [access-control-allow-origin] => Array
                                        (
                                            [0] => *
                                        )

                                    [strict-transport-security] => Array
                                        (
                                            [0] => max-age=31536000; includeSubdomains
                                        )

                                    [content-security-policy] => Array
                                        (
                                            [0] => default-src https: data: 'unsafe-inline' 'unsafe-eval'
                                        )

                                    [x-xss-protection] => Array
                                        (
                                            [0] => 1; mode=block
                                        )

                                    [x-content-type-options] => Array
                                        (
                                            [0] => nosniff
                                        )

                                    [x-aspnet-version] => Array
                                        (
                                            [0] => 
                                        )

                                    [date] => Array
                                        (
                                            [0] => Fri, 18 Jun 2021 13:42:07 GMT
                                        )

                                    [content-length] => Array
                                        (
                                            [0] => 207
                                        )

                                )

                        )

                    [status_code] => 200
                    [protocol_version] => 1.1
                    [success] => 1
                    [redirects] => 0
                    [url] => https://testicredit.rivhit.co.il/API/PaymentPageRequest.svc/GetUrl
                    [history] => Array
                        (
                        )

                    [cookies] => Requests_Cookie_Jar Object
                        (
                            [cookies:protected] => Array
                                (
                                )

                        )

                )

            [filename:protected] => 
            [data] => 
            [headers] => 
            [status] => 
        )

)

06-18-2021 @ 13:48:35 - New Payment Process Fired
06-18-2021 @ 13:48:35 - Shipping and Items added
06-18-2021 @ 13:48:35 - All data collected before Sending to Rivhit
06-18-2021 @ 13:48:35 - WP Remote Post Completed
06-18-2021 @ 13:48:35 - Array
(
    [headers] => Requests_Utility_CaseInsensitiveDictionary Object
        (
            [data:protected] => Array
                (
                    [content-type] => application/json; charset=utf-8
                    [server] => 
                    [access-control-allow-origin] => *
                    [strict-transport-security] => max-age=31536000; includeSubdomains
                    [content-security-policy] => default-src https: data: 'unsafe-inline' 'unsafe-eval'
                    [x-xss-protection] => 1; mode=block
                    [x-content-type-options] => nosniff
                    [x-aspnet-version] => 
                    [date] => Fri, 18 Jun 2021 13:49:25 GMT
                    [content-length] => 207
                )

        )

    [body] => {"DebugMessage":"Object reference not set to an instance of an object.","PrivateSaleToken":"00000000-0000-0000-0000-000000000000","PublicSaleToken":"00000000-0000-0000-0000-000000000000","Status":1,"URL":""}
    [response] => Array
        (
            [code] => 200
            [message] => OK
        )

    [cookies] => Array
        (
        )

    [filename] => 
    [http_response] => WP_HTTP_Requests_Response Object
        (
            [response:protected] => Requests_Response Object
                (
                    [body] => {"DebugMessage":"Object reference not set to an instance of an object.","PrivateSaleToken":"00000000-0000-0000-0000-000000000000","PublicSaleToken":"00000000-0000-0000-0000-000000000000","Status":1,"URL":""}
                    [raw] => HTTP/1.1 200 OK
Content-Type: application/json; charset=utf-8
Server: 
Access-Control-Allow-Origin: *
Strict-Transport-Security: max-age=31536000; includeSubdomains
Content-Security-Policy: default-src https: data: 'unsafe-inline' 'unsafe-eval'
X-Xss-Protection: 1; mode=block
X-Content-Type-Options: nosniff
X-ASPNET-VERSION: 
Date: Fri, 18 Jun 2021 13:49:25 GMT
Connection: close
Content-Length: 207

{"DebugMessage":"Object reference not set to an instance of an object.","PrivateSaleToken":"00000000-0000-0000-0000-000000000000","PublicSaleToken":"00000000-0000-0000-0000-000000000000","Status":1,"URL":""}
                    [headers] => Requests_Response_Headers Object
                        (
                            [data:protected] => Array
                                (
                                    [content-type] => Array
                                        (
                                            [0] => application/json; charset=utf-8
                                        )

                                    [server] => Array
                                        (
                                            [0] => 
                                        )

                                    [access-control-allow-origin] => Array
                                        (
                                            [0] => *
                                        )

                                    [strict-transport-security] => Array
                                        (
                                            [0] => max-age=31536000; includeSubdomains
                                        )

                                    [content-security-policy] => Array
                                        (
                                            [0] => default-src https: data: 'unsafe-inline' 'unsafe-eval'
                                        )

                                    [x-xss-protection] => Array
                                        (
                                            [0] => 1; mode=block
                                        )

                                    [x-content-type-options] => Array
                                        (
                                            [0] => nosniff
                                        )

                                    [x-aspnet-version] => Array
                                        (
                                            [0] => 
                                        )

                                    [date] => Array
                                        (
                                            [0] => Fri, 18 Jun 2021 13:49:25 GMT
                                        )

                                    [content-length] => Array
                                        (
                                            [0] => 207
                                        )

                                )

                        )

                    [status_code] => 200
                    [protocol_version] => 1.1
                    [success] => 1
                    [redirects] => 0
                    [url] => https://testicredit.rivhit.co.il/API/PaymentPageRequest.svc/GetUrl
                    [history] => Array
                        (
                        )

                    [cookies] => Requests_Cookie_Jar Object
                        (
                            [cookies:protected] => Array
                                (
                                )

                        )

                )

            [filename:protected] => 
            [data] => 
            [headers] => 
            [status] => 
        )

)

06-18-2021 @ 13:49:44 - New Payment Process Fired
06-18-2021 @ 13:49:44 - Shipping and Items added
06-18-2021 @ 13:49:44 - All data collected before Sending to Rivhit
06-18-2021 @ 13:49:44 - WP Remote Post Completed
06-18-2021 @ 13:49:44 - Array
(
    [headers] => Requests_Utility_CaseInsensitiveDictionary Object
        (
            [data:protected] => Array
                (
                    [content-type] => application/json; charset=utf-8
                    [server] => 
                    [access-control-allow-origin] => *
                    [strict-transport-security] => max-age=31536000; includeSubdomains
                    [content-security-policy] => default-src https: data: 'unsafe-inline' 'unsafe-eval'
                    [x-xss-protection] => 1; mode=block
                    [x-content-type-options] => nosniff
                    [x-aspnet-version] => 
                    [date] => Fri, 18 Jun 2021 13:50:33 GMT
                    [content-length] => 306
                )

        )

    [body] => {"DebugMessage":null,"PrivateSaleToken":"35c6b688-2c99-46af-998d-9c683df6eb4f","PublicSaleToken":"78efa30c-c24e-4372-83ee-32c7cbe11224","Status":0,"URL":"https:\/\/testicredit.rivhit.co.il\/payment\/PaymentItems.aspx?GroupId=d0606ed0-b961-47f3-be4f-0c694442cb0d&Token=78efa30c-c24e-4372-83ee-32c7cbe11224"}
    [response] => Array
        (
            [code] => 200
            [message] => OK
        )

    [cookies] => Array
        (
        )

    [filename] => 
    [http_response] => WP_HTTP_Requests_Response Object
        (
            [response:protected] => Requests_Response Object
                (
                    [body] => {"DebugMessage":null,"PrivateSaleToken":"35c6b688-2c99-46af-998d-9c683df6eb4f","PublicSaleToken":"78efa30c-c24e-4372-83ee-32c7cbe11224","Status":0,"URL":"https:\/\/testicredit.rivhit.co.il\/payment\/PaymentItems.aspx?GroupId=d0606ed0-b961-47f3-be4f-0c694442cb0d&Token=78efa30c-c24e-4372-83ee-32c7cbe11224"}
                    [raw] => HTTP/1.1 200 OK
Content-Type: application/json; charset=utf-8
Server: 
Access-Control-Allow-Origin: *
Strict-Transport-Security: max-age=31536000; includeSubdomains
Content-Security-Policy: default-src https: data: 'unsafe-inline' 'unsafe-eval'
X-Xss-Protection: 1; mode=block
X-Content-Type-Options: nosniff
X-ASPNET-VERSION: 
Date: Fri, 18 Jun 2021 13:50:33 GMT
Connection: close
Content-Length: 306

{"DebugMessage":null,"PrivateSaleToken":"35c6b688-2c99-46af-998d-9c683df6eb4f","PublicSaleToken":"78efa30c-c24e-4372-83ee-32c7cbe11224","Status":0,"URL":"https:\/\/testicredit.rivhit.co.il\/payment\/PaymentItems.aspx?GroupId=d0606ed0-b961-47f3-be4f-0c694442cb0d&Token=78efa30c-c24e-4372-83ee-32c7cbe11224"}
                    [headers] => Requests_Response_Headers Object
                        (
                            [data:protected] => Array
                                (
                                    [content-type] => Array
                                        (
                                            [0] => application/json; charset=utf-8
                                        )

                                    [server] => Array
                                        (
                                            [0] => 
                                        )

                                    [access-control-allow-origin] => Array
                                        (
                                            [0] => *
                                        )

                                    [strict-transport-security] => Array
                                        (
                                            [0] => max-age=31536000; includeSubdomains
                                        )

                                    [content-security-policy] => Array
                                        (
                                            [0] => default-src https: data: 'unsafe-inline' 'unsafe-eval'
                                        )

                                    [x-xss-protection] => Array
                                        (
                                            [0] => 1; mode=block
                                        )

                                    [x-content-type-options] => Array
                                        (
                                            [0] => nosniff
                                        )

                                    [x-aspnet-version] => Array
                                        (
                                            [0] => 
                                        )

                                    [date] => Array
                                        (
                                            [0] => Fri, 18 Jun 2021 13:50:33 GMT
                                        )

                                    [content-length] => Array
                                        (
                                            [0] => 306
                                        )

                                )

                        )

                    [status_code] => 200
                    [protocol_version] => 1.1
                    [success] => 1
                    [redirects] => 0
                    [url] => https://testicredit.rivhit.co.il/API/PaymentPageRequest.svc/GetUrl
                    [history] => Array
                        (
                        )

                    [cookies] => Requests_Cookie_Jar Object
                        (
                            [cookies:protected] => Array
                                (
                                )

                        )

                )

            [filename:protected] => 
            [data] => 
            [headers] => 
            [status] => 
        )

)

06-18-2021 @ 13:51:00 - New Payment Process Fired
06-18-2021 @ 13:51:00 - Shipping and Items added
06-18-2021 @ 13:51:00 - All data collected before Sending to Rivhit
06-18-2021 @ 13:51:01 - WP Remote Post Completed
06-18-2021 @ 13:51:01 - Array
(
    [headers] => Requests_Utility_CaseInsensitiveDictionary Object
        (
            [data:protected] => Array
                (
                    [content-type] => application/json; charset=utf-8
                    [server] => 
                    [access-control-allow-origin] => *
                    [strict-transport-security] => max-age=31536000; includeSubdomains
                    [content-security-policy] => default-src https: data: 'unsafe-inline' 'unsafe-eval'
                    [x-xss-protection] => 1; mode=block
                    [x-content-type-options] => nosniff
                    [x-aspnet-version] => 
                    [date] => Fri, 18 Jun 2021 13:51:50 GMT
                    [content-length] => 306
                )

        )

    [body] => {"DebugMessage":null,"PrivateSaleToken":"8b8747c0-365c-425c-a46e-5800f2cf00e7","PublicSaleToken":"bc27826b-8b9e-435e-8274-b3f6662e1470","Status":0,"URL":"https:\/\/testicredit.rivhit.co.il\/payment\/PaymentItems.aspx?GroupId=d0606ed0-b961-47f3-be4f-0c694442cb0d&Token=bc27826b-8b9e-435e-8274-b3f6662e1470"}
    [response] => Array
        (
            [code] => 200
            [message] => OK
        )

    [cookies] => Array
        (
        )

    [filename] => 
    [http_response] => WP_HTTP_Requests_Response Object
        (
            [response:protected] => Requests_Response Object
                (
                    [body] => {"DebugMessage":null,"PrivateSaleToken":"8b8747c0-365c-425c-a46e-5800f2cf00e7","PublicSaleToken":"bc27826b-8b9e-435e-8274-b3f6662e1470","Status":0,"URL":"https:\/\/testicredit.rivhit.co.il\/payment\/PaymentItems.aspx?GroupId=d0606ed0-b961-47f3-be4f-0c694442cb0d&Token=bc27826b-8b9e-435e-8274-b3f6662e1470"}
                    [raw] => HTTP/1.1 200 OK
Content-Type: application/json; charset=utf-8
Server: 
Access-Control-Allow-Origin: *
Strict-Transport-Security: max-age=31536000; includeSubdomains
Content-Security-Policy: default-src https: data: 'unsafe-inline' 'unsafe-eval'
X-Xss-Protection: 1; mode=block
X-Content-Type-Options: nosniff
X-ASPNET-VERSION: 
Date: Fri, 18 Jun 2021 13:51:50 GMT
Connection: close
Content-Length: 306

{"DebugMessage":null,"PrivateSaleToken":"8b8747c0-365c-425c-a46e-5800f2cf00e7","PublicSaleToken":"bc27826b-8b9e-435e-8274-b3f6662e1470","Status":0,"URL":"https:\/\/testicredit.rivhit.co.il\/payment\/PaymentItems.aspx?GroupId=d0606ed0-b961-47f3-be4f-0c694442cb0d&Token=bc27826b-8b9e-435e-8274-b3f6662e1470"}
                    [headers] => Requests_Response_Headers Object
                        (
                            [data:protected] => Array
                                (
                                    [content-type] => Array
                                        (
                                            [0] => application/json; charset=utf-8
                                        )

                                    [server] => Array
                                        (
                                            [0] => 
                                        )

                                    [access-control-allow-origin] => Array
                                        (
                                            [0] => *
                                        )

                                    [strict-transport-security] => Array
                                        (
                                            [0] => max-age=31536000; includeSubdomains
                                        )

                                    [content-security-policy] => Array
                                        (
                                            [0] => default-src https: data: 'unsafe-inline' 'unsafe-eval'
                                        )

                                    [x-xss-protection] => Array
                                        (
                                            [0] => 1; mode=block
                                        )

                                    [x-content-type-options] => Array
                                        (
                                            [0] => nosniff
                                        )

                                    [x-aspnet-version] => Array
                                        (
                                            [0] => 
                                        )

                                    [date] => Array
                                        (
                                            [0] => Fri, 18 Jun 2021 13:51:50 GMT
                                        )

                                    [content-length] => Array
                                        (
                                            [0] => 306
                                        )

                                )

                        )

                    [status_code] => 200
                    [protocol_version] => 1.1
                    [success] => 1
                    [redirects] => 0
                    [url] => https://testicredit.rivhit.co.il/API/PaymentPageRequest.svc/GetUrl
                    [history] => Array
                        (
                        )

                    [cookies] => Requests_Cookie_Jar Object
                        (
                            [cookies:protected] => Array
                                (
                                )

                        )

                )

            [filename:protected] => 
            [data] => 
            [headers] => 
            [status] => 
        )

)

